-------------------------------------------------------------------------------
Test set: helloworld.tests.BlazeDemoTest
-------------------------------------------------------------------------------
Tests run: 1, Failures: 0, Errors: 1, Skipped: 0, Time elapsed: 4.397 s <<< FAILURE! - in helloworld.tests.BlazeDemoTest
selectAndBuyTrip  Time elapsed: 4.383 s  <<< ERROR!
org.openqa.selenium.InvalidSelectorException: 
Compound class names not permitted
For documentation on this error, please visit: https://selenium.dev/exceptions/#invalid_selector_exception
Build info: version: '4.1.2', revision: '9a5a329c5a'
System info: host: 'sophiej', ip: '127.0.1.1', os.name: 'Linux', os.arch: 'amd64', os.version: '5.13.0-39-generic', java.version: '11.0.14.1'
Driver info: driver.version: unknown
	at helloworld.tests.BlazeDemoTest.selectAndBuyTrip(BlazeDemoTest.java:27)

